Tue Nov 07 2023 00:40:19 GMT+0530 (India Standard Time) - POST - /signup - [object Object] 
Tue Nov 07 2023 00:42:07 GMT+0530 (India Standard Time) - POST - /signup - [object Object] 
Tue Nov 07 2023 00:42:40 GMT+0530 (India Standard Time) - POST - /signup - [object Object] 
Tue Nov 07 2023 00:45:15 GMT+0530 (India Standard Time) - POST - /signup - [object Object] 
Tue Nov 07 2023 00:45:33 GMT+0530 (India Standard Time) - POST - /signup - [object Object] 
Tue Nov 07 2023 00:45:44 GMT+0530 (India Standard Time) - POST - /signup - [object Object] 
Tue Nov 07 2023 00:55:45 GMT+0530 (India Standard Time) - GET - /login - [object Object] 
Tue Nov 07 2023 00:56:17 GMT+0530 (India Standard Time) - GET - /login/admin/password - [object Object] 
Tue Nov 07 2023 00:56:49 GMT+0530 (India Standard Time) - GET - /login?username=admin&passowrd=admin - [object Object] 
Tue Nov 07 2023 00:57:15 GMT+0530 (India Standard Time) - GET - /login?username=admin&passowrd=admin - [object Object] 
Tue Nov 07 2023 01:00:28 GMT+0530 (India Standard Time) - GET - /login?username=admin&password=admin - [object Object] 
Tue Nov 07 2023 01:32:11 GMT+0530 (India Standard Time) - POST - /addProducts - [object Object] 
Tue Nov 07 2023 01:33:33 GMT+0530 (India Standard Time) - POST - /addProducts - [object Object] 
Tue Nov 07 2023 01:34:30 GMT+0530 (India Standard Time) - POST - /addProduct - [object Object] 
Tue Nov 07 2023 01:36:15 GMT+0530 (India Standard Time) - POST - /addProduct - [object Object] 
Tue Nov 07 2023 16:39:06 GMT+0530 (India Standard Time) - GET - /tablets - [object Object] 
Tue Nov 07 2023 16:42:32 GMT+0530 (India Standard Time) - GET - /tablets - [object Object] 
Tue Nov 07 2023 16:42:43 GMT+0530 (India Standard Time) - GET - /tablets - [object Object] 
Tue Nov 07 2023 16:43:02 GMT+0530 (India Standard Time) - GET - /tablets - [object Object] 
Tue Nov 07 2023 16:43:17 GMT+0530 (India Standard Time) - GET - /tablets - [object Object] 
Tue Nov 07 2023 16:43:30 GMT+0530 (India Standard Time) - GET - /tablets - [object Object] 
Tue Nov 07 2023 16:44:00 GMT+0530 (India Standard Time) - GET - /tablets - [object Object] 
Tue Nov 07 2023 16:44:18 GMT+0530 (India Standard Time) - GET - /tablets - [object Object] 
Tue Nov 07 2023 16:50:32 GMT+0530 (India Standard Time) - GET - /mobiles - [object Object] 
Tue Nov 07 2023 16:52:05 GMT+0530 (India Standard Time) - GET - /mobiles - [object Object] 
Tue Nov 07 2023 16:52:14 GMT+0530 (India Standard Time) - GET - /tablets - [object Object] 
Tue Nov 07 2023 16:52:49 GMT+0530 (India Standard Time) - GET - /tablets - [object Object] 
Tue Nov 07 2023 16:52:59 GMT+0530 (India Standard Time) - GET - /mobiles - [object Object] 
Tue Nov 07 2023 16:53:18 GMT+0530 (India Standard Time) - GET - /tablets - [object Object] 
Tue Nov 07 2023 17:30:52 GMT+0530 (India Standard Time) - GET - /cart - [object Object] 
Tue Nov 07 2023 17:41:20 GMT+0530 (India Standard Time) - GET - /cart/admin - [object Object] 
Tue Nov 07 2023 17:41:44 GMT+0530 (India Standard Time) - GET - /cart/admin - [object Object] 
Tue Nov 07 2023 17:43:58 GMT+0530 (India Standard Time) - GET - /cart/admin - [object Object] 
Tue Nov 07 2023 17:44:10 GMT+0530 (India Standard Time) - GET - /cart - [object Object] 
Tue Nov 07 2023 17:44:45 GMT+0530 (India Standard Time) - GET - /cart/admin - [object Object] 
Tue Nov 07 2023 17:44:59 GMT+0530 (India Standard Time) - GET - /cart/admin - [object Object] 
Tue Nov 07 2023 17:45:15 GMT+0530 (India Standard Time) - GET - /cart/admin - [object Object] 
Tue Nov 07 2023 17:45:29 GMT+0530 (India Standard Time) - GET - /cart - [object Object] 
Tue Nov 07 2023 17:48:04 GMT+0530 (India Standard Time) - GET - /cart/admin - [object Object] 
Tue Nov 07 2023 17:48:34 GMT+0530 (India Standard Time) - GET - /mobiles - [object Object] 
Tue Nov 07 2023 17:49:09 GMT+0530 (India Standard Time) - GET - /cart/adminn - [object Object] 
Tue Nov 07 2023 17:49:38 GMT+0530 (India Standard Time) - GET - /cart/adminn - [object Object] 
Tue Nov 07 2023 17:50:12 GMT+0530 (India Standard Time) - GET - /cart/adminn - [object Object] 
Tue Nov 07 2023 17:50:18 GMT+0530 (India Standard Time) - GET - /cart/ - [object Object] 
Tue Nov 07 2023 17:50:27 GMT+0530 (India Standard Time) - GET - /cart/sacas - [object Object] 
Tue Nov 07 2023 17:54:55 GMT+0530 (India Standard Time) - GET - /cart/admin - [object Object] 
Tue Nov 07 2023 17:55:09 GMT+0530 (India Standard Time) - GET - /cart - [object Object] 
Tue Nov 07 2023 17:55:15 GMT+0530 (India Standard Time) - GET - /cart/admin - [object Object] 
Tue Nov 07 2023 17:55:41 GMT+0530 (India Standard Time) - GET - /cart/Manthan - [object Object] 
Tue Nov 07 2023 17:56:14 GMT+0530 (India Standard Time) - GET - /cart/Manthan - [object Object] 
Tue Nov 07 2023 17:56:34 GMT+0530 (India Standard Time) - GET - /cart/Manthan - [object Object] 
Tue Nov 07 2023 17:56:41 GMT+0530 (India Standard Time) - GET - /cart/admin - [object Object] 
Tue Nov 07 2023 18:03:02 GMT+0530 (India Standard Time) - POST - /cart - [object Object] 
Tue Nov 07 2023 18:03:26 GMT+0530 (India Standard Time) - POST - /cart - [object Object] 
Tue Nov 07 2023 18:10:51 GMT+0530 (India Standard Time) - POST - /cart - [object Object] 
Tue Nov 07 2023 19:00:49 GMT+0530 (India Standard Time) - POST - /cart - [object Object] 
Tue Nov 07 2023 19:01:17 GMT+0530 (India Standard Time) - POST - /cart - [object Object] 
Tue Nov 07 2023 19:03:14 GMT+0530 (India Standard Time) - POST - /cart - [object Object] 
Tue Nov 07 2023 19:05:55 GMT+0530 (India Standard Time) - POST - /cart - [object Object] 
Tue Nov 07 2023 19:06:58 GMT+0530 (India Standard Time) - POST - /cart - [object Object] 
Tue Nov 07 2023 19:07:20 GMT+0530 (India Standard Time) - POST - /cart - [object Object] 
Tue Nov 07 2023 19:07:52 GMT+0530 (India Standard Time) - POST - /cart - [object Object] 
Tue Nov 07 2023 19:19:56 GMT+0530 (India Standard Time) - GET - /cart - [object Object] 
Tue Nov 07 2023 19:20:41 GMT+0530 (India Standard Time) - GET - /cart - [object Object] 
Tue Nov 07 2023 19:20:54 GMT+0530 (India Standard Time) - PUT - /cart/admin - [object Object] 
Tue Nov 07 2023 19:21:59 GMT+0530 (India Standard Time) - PUT - /cart/5 - [object Object] 
Tue Nov 07 2023 19:23:02 GMT+0530 (India Standard Time) - PUT - /cart/5 - [object Object] 
Tue Nov 07 2023 19:24:08 GMT+0530 (India Standard Time) - PUT - /cart/admin - [object Object] 
Tue Nov 07 2023 19:28:10 GMT+0530 (India Standard Time) - PUT - /cart/adminn - [object Object] 
Tue Nov 07 2023 19:28:35 GMT+0530 (India Standard Time) - GET - /cart - [object Object] 
Tue Nov 07 2023 19:33:09 GMT+0530 (India Standard Time) - POST - /cart - [object Object] 
Tue Nov 07 2023 19:34:05 GMT+0530 (India Standard Time) - PUT - /cart/Manthan - [object Object] 
